[      87ms] [LOG] Queueing: runtime:ready @ http://localhost:34115/wails/ipc.js:6
[      88ms] [LOG] %c wails dev %c Connected to backend  background: #aa0000; color: #fff; border-radius: 3px 0px 0px 3px; padding: 1px; font-size: 0.7rem background: #009900; color: #fff; border-radius: 0px 3px 3px 0px; padding: 1px; font-size: 0.7rem @ http://localhost:34115/wails/ipc.js:0
[      88ms] [LOG] sending queued message: runtime:ready @ http://localhost:34115/wails/ipc.js:6
[     295ms] [ERROR] Failed to load resource: the server responded with a status of 404 (Not Found) @ http://localhost:34115/favicon.ico:0
[   99351ms] [LOG] %c wails dev %c Disconnected from backend  background: #aa0000; color: #fff; border-radius: 3px 0px 0px 3px; padding: 1px; font-size: 0.7rem background: #009900; color: #fff; border-radius: 0px 3px 3px 0px; padding: 1px; font-size: 0.7rem @ http://localhost:34115/wails/ipc.js:0
[   99354ms] [LOG] [vite] server connection lost. Polling for restart... @ http://localhost:34115/@vite/client:963
[   99354ms] [ERROR] WebSocket connection to 'ws://localhost:34115/wails/ipc' failed: Error in connection establishment: net::ERR_CONNECTION_REFUSED @ http://localhost:34115/wails/ipc.js:6
[   99363ms] [ERROR] WebSocket connection to 'ws://localhost:34115/' failed: Error in connection establishment: net::ERR_CONNECTION_REFUSED @ http://localhost:34115/@vite/client:1034
[   99852ms] [ERROR] WebSocket connection to 'ws://localhost:34115/wails/ipc' failed: Error in connection establishment: net::ERR_CONNECTION_REFUSED @ http://localhost:34115/wails/ipc.js:6
[  100353ms] [ERROR] WebSocket connection to 'ws://localhost:34115/wails/ipc' failed: Error in connection establishment: net::ERR_CONNECTION_REFUSED @ http://localhost:34115/wails/ipc.js:6
[  100364ms] [ERROR] WebSocket connection to 'ws://localhost:34115/' failed: Error in connection establishment: net::ERR_CONNECTION_REFUSED @ http://localhost:34115/@vite/client:1034
[  100852ms] [ERROR] WebSocket connection to 'ws://localhost:34115/wails/ipc' failed: Error in connection establishment: net::ERR_CONNECTION_REFUSED @ http://localhost:34115/wails/ipc.js:6
[  101352ms] [ERROR] WebSocket connection to 'ws://localhost:34115/wails/ipc' failed: Error in connection establishment: net::ERR_CONNECTION_REFUSED @ http://localhost:34115/wails/ipc.js:6
[  101365ms] [ERROR] WebSocket connection to 'ws://localhost:34115/' failed: Error in connection establishment: net::ERR_CONNECTION_REFUSED @ http://localhost:34115/@vite/client:1034
[  101852ms] [ERROR] WebSocket connection to 'ws://localhost:34115/wails/ipc' failed: Error in connection establishment: net::ERR_CONNECTION_REFUSED @ http://localhost:34115/wails/ipc.js:6
[  102353ms] [ERROR] WebSocket connection to 'ws://localhost:34115/wails/ipc' failed: Error in connection establishment: net::ERR_CONNECTION_REFUSED @ http://localhost:34115/wails/ipc.js:6
[  102366ms] [ERROR] WebSocket connection to 'ws://localhost:34115/' failed: Error in connection establishment: net::ERR_CONNECTION_REFUSED @ http://localhost:34115/@vite/client:1034
[  102853ms] [ERROR] WebSocket connection to 'ws://localhost:34115/wails/ipc' failed: Error in connection establishment: net::ERR_CONNECTION_REFUSED @ http://localhost:34115/wails/ipc.js:6
[  103353ms] [ERROR] WebSocket connection to 'ws://localhost:34115/wails/ipc' failed: Error in connection establishment: net::ERR_CONNECTION_REFUSED @ http://localhost:34115/wails/ipc.js:6
[  103369ms] [ERROR] WebSocket connection to 'ws://localhost:34115/' failed: Error in connection establishment: net::ERR_CONNECTION_REFUSED @ http://localhost:34115/@vite/client:1034
[  103853ms] [ERROR] WebSocket connection to 'ws://localhost:34115/wails/ipc' failed: Error in connection establishment: net::ERR_CONNECTION_REFUSED @ http://localhost:34115/wails/ipc.js:6
[  104356ms] [ERROR] WebSocket connection to 'ws://localhost:34115/wails/ipc' failed: Error in connection establishment: net::ERR_CONNECTION_REFUSED @ http://localhost:34115/wails/ipc.js:6
[  104373ms] [ERROR] WebSocket connection to 'ws://localhost:34115/' failed: Error in connection establishment: net::ERR_CONNECTION_REFUSED @ http://localhost:34115/@vite/client:1034
[  104854ms] [ERROR] WebSocket connection to 'ws://localhost:34115/wails/ipc' failed: Error in connection establishment: net::ERR_CONNECTION_REFUSED @ http://localhost:34115/wails/ipc.js:6
[  105355ms] [ERROR] WebSocket connection to 'ws://localhost:34115/wails/ipc' failed: Error in connection establishment: net::ERR_CONNECTION_REFUSED @ http://localhost:34115/wails/ipc.js:6
[  105383ms] [ERROR] WebSocket connection to 'ws://localhost:34115/' failed: Error in connection establishment: net::ERR_CONNECTION_REFUSED @ http://localhost:34115/@vite/client:1034
[  105862ms] [ERROR] WebSocket connection to 'ws://localhost:34115/wails/ipc' failed: Error in connection establishment: net::ERR_CONNECTION_REFUSED @ http://localhost:34115/wails/ipc.js:6
[  106366ms] [ERROR] WebSocket connection to 'ws://localhost:34115/wails/ipc' failed: Error in connection establishment: net::ERR_CONNECTION_REFUSED @ http://localhost:34115/wails/ipc.js:6
[  106396ms] [ERROR] WebSocket connection to 'ws://localhost:34115/' failed: Error in connection establishment: net::ERR_CONNECTION_REFUSED @ http://localhost:34115/@vite/client:1034
[  106864ms] [ERROR] WebSocket connection to 'ws://localhost:34115/wails/ipc' failed: Error in connection establishment: net::ERR_CONNECTION_REFUSED @ http://localhost:34115/wails/ipc.js:6
[  107379ms] [ERROR] WebSocket connection to 'ws://localhost:34115/wails/ipc' failed: Error in connection establishment: net::ERR_CONNECTION_REFUSED @ http://localhost:34115/wails/ipc.js:6
[  107409ms] [ERROR] WebSocket connection to 'ws://localhost:34115/' failed: Error in connection establishment: net::ERR_CONNECTION_REFUSED @ http://localhost:34115/@vite/client:1034
[  107880ms] [ERROR] WebSocket connection to 'ws://localhost:34115/wails/ipc' failed: Error in connection establishment: net::ERR_CONNECTION_REFUSED @ http://localhost:34115/wails/ipc.js:6
[  108371ms] [ERROR] WebSocket connection to 'ws://localhost:34115/wails/ipc' failed: Error in connection establishment: net::ERR_CONNECTION_REFUSED @ http://localhost:34115/wails/ipc.js:6
[  108457ms] [ERROR] WebSocket connection to 'ws://localhost:34115/' failed: Error in connection establishment: net::ERR_CONNECTION_REFUSED @ http://localhost:34115/@vite/client:1034
[  108869ms] [ERROR] WebSocket connection to 'ws://localhost:34115/wails/ipc' failed: Error in connection establishment: net::ERR_CONNECTION_REFUSED @ http://localhost:34115/wails/ipc.js:6
[  109438ms] [ERROR] WebSocket connection to 'ws://localhost:34115/wails/ipc' failed: Error in connection establishment: net::ERR_CONNECTION_REFUSED @ http://localhost:34115/wails/ipc.js:6
[  109577ms] [ERROR] WebSocket connection to 'ws://localhost:34115/' failed: Error in connection establishment: net::ERR_CONNECTION_REFUSED @ http://localhost:34115/@vite/client:1034
[  109922ms] [ERROR] WebSocket connection to 'ws://localhost:34115/wails/ipc' failed: Error in connection establishment: net::ERR_CONNECTION_REFUSED @ http://localhost:34115/wails/ipc.js:6
[  110591ms] [ERROR] WebSocket connection to 'ws://localhost:34115/wails/ipc' failed: Error in connection establishment: net::ERR_CONNECTION_REFUSED @ http://localhost:34115/wails/ipc.js:6
[  110905ms] [ERROR] WebSocket connection to 'ws://localhost:34115/' failed: Error in connection establishment: net::ERR_CONNECTION_REFUSED @ http://localhost:34115/@vite/client:1034
[  111085ms] [ERROR] WebSocket connection to 'ws://localhost:34115/wails/ipc' failed: Error in connection establishment: net::ERR_CONNECTION_REFUSED @ http://localhost:34115/wails/ipc.js:6
[  111947ms] [ERROR] WebSocket connection to 'ws://localhost:34115/wails/ipc' failed: Error in connection establishment: net::ERR_CONNECTION_REFUSED @ http://localhost:34115/wails/ipc.js:6
[  112534ms] [WARNING] WebSocket connection to 'ws://localhost:34115/wails/ipc' failed: WebSocket is closed before the connection is established. @ http://localhost:34115/wails/ipc.js:6
[  112582ms] [LOG] Queueing: runtime:ready @ http://localhost:34115/wails/ipc.js:6
[  112620ms] [LOG] %c wails dev %c Connected to backend  background: #aa0000; color: #fff; border-radius: 3px 0px 0px 3px; padding: 1px; font-size: 0.7rem background: #009900; color: #fff; border-radius: 0px 3px 3px 0px; padding: 1px; font-size: 0.7rem @ http://localhost:34115/wails/ipc.js:0
[  112620ms] [LOG] sending queued message: runtime:ready @ http://localhost:34115/wails/ipc.js:6
